<?xml version="1.0" encoding="UTF-8"?>
<testsuites tests="9" failures="0" disabled="0" errors="0" timestamp="2016-11-09T21:32:18" time="0.02" name="AllTests">
  <testsuite name="TileTests" tests="9" failures="0" disabled="0" errors="0" time="0.007">
    <testcase name="CreateTiles" status="run" time="0" classname="TileTests" />
    <testcase name="SetRotation" status="run" time="0.001" classname="TileTests" />
    <testcase name="SetRotationAfterPlacement" status="run" time="0.001" classname="TileTests" />
    <testcase name="GetShield" status="run" time="0" classname="TileTests" />
    <testcase name="GetNumberOfSides" status="run" time="0" classname="TileTests" />
    <testcase name="GetTileType" status="run" time="0" classname="TileTests" />
    <testcase name="IsConnectedTileA" status="run" time="0" classname="TileTests" />
    <testcase name="PlaceTile" status="run" time="0" classname="TileTests" />
    <testcase name="GetId" status="run" time="0" classname="TileTests" />
  </testsuite>
</testsuites>
